<?xml version="1.0" encoding="UTF-8"?>
<!-- Generated by org.testng.reporters.JUnitXMLReporter -->
<testsuite ignored="0" hostname="priyankas-MacBook-Air.local" failures="0" tests="5" name="Test" time="74.722" errors="0" timestamp="2019-08-27T18:59:17 IST">
  <testcase classname="Academy.AppTest" name="testApp" time="0.009"/>
  <testcase classname="Academy.ValidateNavigationBar" name="baseValidation" time="0.414"/>
  <testcase classname="Academy.Homepage" name="basePageNavigation" time="23.271"/>
  <testcase classname="Academy.Homepage" name="basePageNavigation" time="22.877"/>
  <testcase classname="Academy.ValidateTitle" name="baseValidation" time="0.261"/>
</testsuite> <!-- Test -->
