<?xml version="1.0" encoding="UTF-8"?>
<!-- Generated by org.testng.reporters.JUnitXMLReporter -->
<testsuite ignored="1" hostname="priyankas-MacBook-Air.local" failures="0" tests="5" name="Test" time="0.143" errors="0" timestamp="11 Aug 2019 11:45:21 GMT">
  <testcase classname="qaclickacademy.APITest" name="deleteTwitter" time="0.027"/>
  <testcase classname="qaclickacademy.APITest" name="postJira" time="0.006"/>
  <testcase classname="qaclickacademy.SeleniumTest" name="ElementsUI" time="0.0"/>
  <testcase classname="qaclickacademy.AppiumTest" name="IOSApps" time="0.001"/>
  <testcase classname="qaclickacademy.AppiumTest" name="NativeappAndroid" time="0.003"/>
  <testcase classname="qaclickacademy.SeleniumTest" name="BrowserAutomation" time="0.0">
    <ignored/>
  </testcase> <!-- BrowserAutomation -->
</testsuite> <!-- Test -->
