<?xml version="1.0" encoding="UTF-8"?>
<!-- Generated by org.testng.reporters.JUnitXMLReporter -->
<testsuite ignored="0" hostname="priyankas-MacBook-Air.local" failures="2" tests="2" name="Validate Title" time="14.316" errors="0" timestamp="2019-08-27T21:22:26 IST">
  <testcase classname="Academy.ValidateTitle" name="baseValidation" time="0.125">
    <failure type="java.lang.AssertionError" message="expected [FEATURED COURSES12] but found [FEATURED COURSES]">
      <![CDATA[java.lang.AssertionError: expected [FEATURED COURSES12] but found [FEATURED COURSES]
at Academy.ValidateTitle.baseValidation(ValidateTitle.java:40)
at java.base/java.util.ArrayList.forEach(ArrayList.java:1540)
... Removed 36 stack frames]]>
    </failure>
  </testcase> <!-- baseValidation -->
  <testcase classname="Academy.ValidateTitle" name="baseValidation" time="0.149">
    <failure type="java.lang.NullPointerException">
      <![CDATA[java.lang.NullPointerException
at resources.Base.getscreenshot(Base.java:50)
at Academy.listeners.onTestFailure(listeners.java:39)
at java.base/java.util.ArrayList.forEach(ArrayList.java:1540)
... Removed 28 stack frames]]>
    </failure>
  </testcase> <!-- baseValidation -->
</testsuite> <!-- Validate Title -->
