<?xml version="1.0" encoding="UTF-8"?>
<testsuite xmlns:xsi="http://www.w3.org/2001/XMLSchema-instance" xsi:noNamespaceSchemaLocation="https://maven.apache.org/surefire/maven-surefire-plugin/xsd/surefire-test-report-3.0.xsd" version="3.0" name="TestSuite" time="2.135" tests="5" errors="0" skipped="0" failures="0">
  <properties>
[...]
</properties>
  <testcase name="deleteTwitter" classname="qaclickacademy.APITest" time="0.027"/>
  <testcase name="postJira" classname="qaclickacademy.APITest" time="0.006"/>
  <testcase name="ElementsUI" classname="qaclickacademy.SeleniumTest" time="0.002"/>
  <testcase name="IOSApps" classname="qaclickacademy.AppiumTest" time="0.001"/>
  <testcase name="NativeappAndroid" classname="qaclickacademy.AppiumTest" time="0.003"/>
</testsuite>