<?xml version="1.0" encoding="UTF-8"?>
<testng-results ignored="1" total="6" passed="5" failed="0" skipped="0">
  <reporter-output>
  </reporter-output>
  <suite started-at="2019-08-11T11:45:20Z" name="Suite" finished-at="2019-08-11T11:45:20Z" duration-ms="143">
    <groups>
    </groups>
    <test started-at="2019-08-11T11:45:20Z" name="Test" finished-at="2019-08-11T11:45:20Z" duration-ms="143">
      <class name="qaclickacademy.AppiumTest">
        <test-method signature="IOSApps()[pri:0, instance:qaclickacademy.AppiumTest@70b0b186]" started-at="2019-08-11T11:45:20Z" name="IOSApps" finished-at="2019-08-11T11:45:20Z" duration-ms="1" status="PASS">
          <reporter-output>
          </reporter-output>
        </test-method> <!-- IOSApps -->
        <test-method signature="NativeappAndroid()[pri:0, instance:qaclickacademy.AppiumTest@70b0b186]" started-at="2019-08-11T11:45:20Z" name="NativeappAndroid" finished-at="2019-08-11T11:45:20Z" duration-ms="3" status="PASS">
          <reporter-output>
          </reporter-output>
        </test-method> <!-- NativeappAndroid -->
      </class> <!-- qaclickacademy.AppiumTest -->
      <class name="qaclickacademy.APITest">
        <test-method signature="deleteTwitter()[pri:0, instance:qaclickacademy.APITest@6b1274d2]" started-at="2019-08-11T11:45:20Z" name="deleteTwitter" finished-at="2019-08-11T11:45:20Z" duration-ms="27" status="PASS">
          <reporter-output>
          </reporter-output>
        </test-method> <!-- deleteTwitter -->
        <test-method signature="postJira()[pri:0, instance:qaclickacademy.APITest@6b1274d2]" started-at="2019-08-11T11:45:20Z" name="postJira" finished-at="2019-08-11T11:45:20Z" duration-ms="6" status="PASS">
          <reporter-output>
          </reporter-output>
        </test-method> <!-- postJira -->
      </class> <!-- qaclickacademy.APITest -->
      <class name="qaclickacademy.SeleniumTest">
        <test-method signature="ElementsUI()[pri:0, instance:qaclickacademy.SeleniumTest@7bc1a03d]" started-at="2019-08-11T11:45:20Z" name="ElementsUI" finished-at="2019-08-11T11:45:20Z" duration-ms="0" status="PASS">
          <reporter-output>
          </reporter-output>
        </test-method> <!-- ElementsUI -->
      </class> <!-- qaclickacademy.SeleniumTest -->
    </test> <!-- Test -->
  </suite> <!-- Suite -->
</testng-results>
