<?xml version="1.0" encoding="UTF-8"?>
<testng-results ignored="0" total="2" passed="2" failed="0" skipped="0">
  <reporter-output>
  </reporter-output>
  <suite started-at="2019-08-10T20:02:57Z" name="Default suite" finished-at="2019-08-10T20:02:57Z" duration-ms="62">
    <groups>
    </groups>
    <test started-at="2019-08-10T20:02:57Z" name="Default test" finished-at="2019-08-10T20:02:57Z" duration-ms="62">
      <class name="qaclickacademy.AppiumTest">
        <test-method signature="IOSApps()[pri:0, instance:qaclickacademy.AppiumTest@6a472554]" started-at="2019-08-10T20:02:57Z" name="IOSApps" finished-at="2019-08-10T20:02:57Z" duration-ms="19" status="PASS">
          <reporter-output>
          </reporter-output>
        </test-method> <!-- IOSApps -->
        <test-method signature="NativeappAndroid()[pri:0, instance:qaclickacademy.AppiumTest@6a472554]" started-at="2019-08-10T20:02:57Z" name="NativeappAndroid" finished-at="2019-08-10T20:02:57Z" duration-ms="2" status="PASS">
          <reporter-output>
          </reporter-output>
        </test-method> <!-- NativeappAndroid -->
      </class> <!-- qaclickacademy.AppiumTest -->
    </test> <!-- Default test -->
  </suite> <!-- Default suite -->
</testng-results>
